#
# There is insufficient memory for the Java Runtime Environment to continue.
# Native memory allocation (mmap) failed to map 132120576 bytes for G1 virtual space
# Possible reasons:
#   The system is out of physical RAM or swap space
#   The process is running with CompressedOops enabled, and the Java Heap may be blocking the growth of the native heap
# Possible solutions:
#   Reduce memory load on the system
#   Increase physical memory or swap space
#   Check if swap backing store is full
#   Decrease Java heap size (-Xmx/-Xms)
#   Decrease number of Java threads
#   Decrease Java thread stack sizes (-Xss)
#   Set larger code cache with -XX:ReservedCodeCacheSize=
#   JVM is running with Unscaled Compressed Oops mode in which the Java heap is
#     placed in the first 4GB address space. The Java Heap base address is the
#     maximum limit for the native heap growth. Please use -XX:HeapBaseMinAddress
#     to set the Java Heap base and to place the Java Heap above 4GB virtual address.
# This output file may be truncated or incomplete.
#
#  Out of Memory Error (os_windows.cpp:3527), pid=47656, tid=49720
#
# JRE version:  (19.0.1+10) (build )
# Java VM: Java HotSpot(TM) 64-Bit Server VM (19.0.1+10-21, mixed mode, sharing, tiered, compressed oops, compressed class ptrs, g1 gc, windows-amd64)
# No core dump will be written. Minidumps are not enabled by default on client versions of Windows
#

---------------  S U M M A R Y ------------

Command Line: -Dfile.encoding=UTF-8 -Dstdout.encoding=UTF-8 -Dstderr.encoding=UTF-8 -XX:+ShowCodeDetailsInExceptionMessages selenium.Program28

Host: Intel(R) Core(TM) i5-1035G1 CPU @ 1.00GHz, 8 cores, 7G,  Windows 10 , 64 bit Build 19041 (10.0.19041.3636)
Time: Thu Feb  1 19:58:50 2024 India Standard Time elapsed time: 0.016816 seconds (0d 0h 0m 0s)

---------------  T H R E A D  ---------------

Current thread (0x0000027d4ac3a030):  JavaThread "Unknown thread" [_thread_in_vm, id=49720, stack(0x000000fc49f00000,0x000000fc4a000000)]

Stack: [0x000000fc49f00000,0x000000fc4a000000]
Native frames: (J=compiled Java code, j=interpreted, Vv=VM code, C=native code)
V  [jvm.dll+0x6ee8fa]
V  [jvm.dll+0x857a1e]
V  [jvm.dll+0x85940e]
V  [jvm.dll+0x859ac3]
V  [jvm.dll+0x28291f]
V  [jvm.dll+0x6eb6e9]
V  [jvm.dll+0x6e028a]
V  [jvm.dll+0x357136]
V  [jvm.dll+0x35eb96]
V  [jvm.dll+0x3b555e]
V  [jvm.dll+0x3b578f]
V  [jvm.dll+0x32c6ea]
V  [jvm.dll+0x32d59e]
V  [jvm.dll+0x821b20]
V  [jvm.dll+0x3c27c1]
V  [jvm.dll+0x8022f1]
V  [jvm.dll+0x44b30f]
V  [jvm.dll+0x44cc91]
C  [jli.dll+0x5287]
C  [ucrtbase.dll+0x21bb2]
C  [KERNEL32.DLL+0x17344]
C  [ntdll.dll+0x526b1]


---------------  P R O C E S S  ---------------

Threads class SMR info:
_java_thread_list=0x00007ffd15a0d048, length=0, elements={
}

Java Threads: ( => current thread )

Other Threads:
  0x0000027d4ac95530 WorkerThread "GC Thread#0" [stack: 0x000000fc4a000000,0x000000fc4a100000] [id=25412]
  0x0000027d4aca5f70 ConcurrentGCThread "G1 Main Marker" [stack: 0x000000fc4a100000,0x000000fc4a200000] [id=50456]
  0x0000027d4aca7140 WorkerThread "G1 Conc#0" [stack: 0x000000fc4a200000,0x000000fc4a300000] [id=50272]

[error occurred during error reporting (printing all threads), id 0xc0000005, EXCEPTION_ACCESS_VIOLATION (0xc0000005) at pc=0x00007ffd151cd127]

VM state: not at safepoint (not fully initialized)

VM Mutex/Monitor currently owned by a thread:  ([mutex/lock_event])
[0x0000027d4ac38090] Heap_lock - owner thread: 0x0000027d4ac3a030

Heap address: 0x0000000083600000, size: 1994 MB, Compressed Oops mode: 32-bit

CDS archive(s) mapped at: [0x0000000000000000-0x0000000000000000-0x0000000000000000), size 0, SharedBaseAddress: 0x0000000800000000, ArchiveRelocationMode: 0.
Narrow klass base: 0x0000000000000000, Narrow klass shift: 0, Narrow klass range: 0x0

GC Precious Log:
 CardTable entry size: 512
 Card Set container configuration: InlinePtr #cards 5 size 8 Array Of Cards #cards 12 size 40 Howl #buckets 4 coarsen threshold 1843 Howl Bitmap #cards 512 size 80 coarsen threshold 460 Card regions per heap region 1 cards per card region 2048

Heap:
 garbage-first heap   total 0K, used 0K [0x0000000083600000, 0x0000000100000000)
  region size 1024K, 0 young (0K), 0 survivors (0K)

[error occurred during error reporting (printing heap information), id 0xc0000005, EXCEPTION_ACCESS_VIOLATION (0xc0000005) at pc=0x00007ffd155d6959]

GC Heap History (0 events):
No events

Dll operation events (1 events):
Event: 0.011 Loaded shared library C:\Program Files\Java\jdk-19\bin\java.dll

Deoptimization events (0 events):
No events

Classes loaded (0 events):
No events

Classes unloaded (0 events):
No events

Classes redefined (0 events):
No events

Internal exceptions (0 events):
No events

VM Operations (0 events):
No events

Events (0 events):
No events


Dynamic libraries:
0x00007ff6d6930000 - 0x00007ff6d6940000 	C:\Program Files\Java\jdk-19\bin\javaw.exe
0x00007ffd6fd50000 - 0x00007ffd6ff48000 	C:\Windows\SYSTEM32\ntdll.dll
0x00007ffd6f490000 - 0x00007ffd6f54d000 	C:\Windows\System32\KERNEL32.DLL
0x00007ffd6daa0000 - 0x00007ffd6dd96000 	C:\Windows\System32\KERNELBASE.dll
0x00007ffd57380000 - 0x00007ffd573c5000 	C:\ProgramData\FastTrack Software\Admin By Request\ShellHelper64.dll
0x00007ffd6ee80000 - 0x00007ffd6efa6000 	C:\Windows\System32\RPCRT4.dll
0x00007ffd6e7a0000 - 0x00007ffd6e7f5000 	C:\Windows\System32\SHLWAPI.dll
0x00007ffd6f350000 - 0x00007ffd6f3ee000 	C:\Windows\System32\msvcrt.dll
0x00007ffd639a0000 - 0x00007ffd639aa000 	C:\Windows\SYSTEM32\VERSION.dll
0x00007ffd6e4a0000 - 0x00007ffd6e63e000 	C:\Windows\System32\USER32.dll
0x00007ffd6d8e0000 - 0x00007ffd6d902000 	C:\Windows\System32\win32u.dll
0x00007ffd6e710000 - 0x00007ffd6e73c000 	C:\Windows\System32\GDI32.dll
0x00007ffd6d7c0000 - 0x00007ffd6d8da000 	C:\Windows\System32\gdi32full.dll
0x00007ffd6d720000 - 0x00007ffd6d7bd000 	C:\Windows\System32\msvcp_win.dll
0x00007ffd6d4c0000 - 0x00007ffd6d5c0000 	C:\Windows\System32\ucrtbase.dll
0x00007ffd6efb0000 - 0x00007ffd6f063000 	C:\Windows\System32\ADVAPI32.dll
0x00007ffd6f3f0000 - 0x00007ffd6f48f000 	C:\Windows\System32\sechost.dll
0x00007ffd6d490000 - 0x00007ffd6d4b7000 	C:\Windows\System32\bcrypt.dll
0x00007ffd6f5c0000 - 0x00007ffd6fd05000 	C:\Windows\System32\SHELL32.dll
0x00007ffd6f220000 - 0x00007ffd6f34b000 	C:\Windows\System32\ole32.dll
0x00007ffd6e800000 - 0x00007ffd6eb54000 	C:\Windows\System32\combase.dll
0x00007ffd68610000 - 0x00007ffd6862b000 	C:\Program Files\Java\jdk-19\bin\VCRUNTIME140.dll
0x00007ffd65b60000 - 0x00007ffd65b78000 	C:\Program Files\Java\jdk-19\bin\jli.dll
0x00007ffd53140000 - 0x00007ffd533da000 	C:\Windows\WinSxS\amd64_microsoft.windows.common-controls_6595b64144ccf1df_6.0.19041.3636_none_60b6a03d71f818d5\COMCTL32.dll
0x00007ffd6de80000 - 0x00007ffd6deb0000 	C:\Windows\System32\IMM32.DLL
0x00007ffd68950000 - 0x00007ffd6895c000 	C:\Program Files\Java\jdk-19\bin\vcruntime140_1.dll
0x00007ffd4f0f0000 - 0x00007ffd4f17e000 	C:\Program Files\Java\jdk-19\bin\msvcp140.dll
0x00007ffd14e90000 - 0x00007ffd15b50000 	C:\Program Files\Java\jdk-19\bin\server\jvm.dll
0x00007ffd3d5e0000 - 0x00007ffd3d5e9000 	C:\Windows\SYSTEM32\WSOCK32.dll
0x00007ffd56d80000 - 0x00007ffd56da7000 	C:\Windows\SYSTEM32\WINMM.dll
0x00007ffd6ebc0000 - 0x00007ffd6ec2b000 	C:\Windows\System32\WS2_32.dll
0x00007ffd6b990000 - 0x00007ffd6b9a2000 	C:\Windows\SYSTEM32\kernel.appcore.dll
0x00007ffd68930000 - 0x00007ffd6893a000 	C:\Program Files\Java\jdk-19\bin\jimage.dll
0x00007ffd6aee0000 - 0x00007ffd6b0c4000 	C:\Windows\SYSTEM32\DBGHELP.DLL
0x00007ffd4d450000 - 0x00007ffd4d484000 	C:\Windows\SYSTEM32\dbgcore.DLL
0x00007ffd6da10000 - 0x00007ffd6da92000 	C:\Windows\System32\bcryptPrimitives.dll
0x00007ffd65b30000 - 0x00007ffd65b56000 	C:\Program Files\Java\jdk-19\bin\java.dll

dbghelp: loaded successfully - version: 4.0.5 - missing functions: none
symbol engine: initialized successfully - sym options: 0x614 - pdb path: .;C:\Program Files\Java\jdk-19\bin;C:\Windows\SYSTEM32;C:\ProgramData\FastTrack Software\Admin By Request;C:\Windows\WinSxS\amd64_microsoft.windows.common-controls_6595b64144ccf1df_6.0.19041.3636_none_60b6a03d71f818d5;C:\Program Files\Java\jdk-19\bin\server

VM Arguments:
jvm_args: -Dfile.encoding=UTF-8 -Dstdout.encoding=UTF-8 -Dstderr.encoding=UTF-8 -XX:+ShowCodeDetailsInExceptionMessages 
java_command: selenium.Program28
java_class_path (initial): C:\Users\a849923\eclipse-workspace\Project3\bin;C:\Users\a849923\OneDrive - Eviden\Downloads\selenium-server-4.16.1.jar
Launcher Type: SUN_STANDARD

[Global flags]
     intx CICompilerCount                          = 4                                         {product} {ergonomic}
     uint ConcGCThreads                            = 2                                         {product} {ergonomic}
     uint G1ConcRefinementThreads                  = 8                                         {product} {ergonomic}
   size_t G1HeapRegionSize                         = 1048576                                   {product} {ergonomic}
    uintx GCDrainStackTargetSize                   = 64                                        {product} {ergonomic}
   size_t InitialHeapSize                          = 132120576                                 {product} {ergonomic}
   size_t MarkStackSize                            = 4194304                                   {product} {ergonomic}
   size_t MaxHeapSize                              = 2090860544                                {product} {ergonomic}
   size_t MinHeapDeltaBytes                        = 1048576                                   {product} {ergonomic}
   size_t MinHeapSize                              = 8388608                                   {product} {ergonomic}
    uintx NonNMethodCodeHeapSize                   = 5839372                                {pd product} {ergonomic}
    uintx NonProfiledCodeHeapSize                  = 122909434                              {pd product} {ergonomic}
    uintx ProfiledCodeHeapSize                     = 122909434                              {pd product} {ergonomic}
    uintx ReservedCodeCacheSize                    = 251658240                              {pd product} {ergonomic}
     bool SegmentedCodeCache                       = true                                      {product} {ergonomic}
     bool ShowCodeDetailsInExceptionMessages       = true                                   {manageable} {command line}
   size_t SoftMaxHeapSize                          = 2090860544                             {manageable} {ergonomic}
     bool UseCompressedClassPointers               = true                           {product lp64_product} {ergonomic}
     bool UseCompressedOops                        = true                           {product lp64_product} {ergonomic}
     bool UseG1GC                                  = true                                      {product} {ergonomic}
     bool UseLargePagesIndividualAllocation        = false                                  {pd product} {ergonomic}

Logging:
Log output configuration:
 #0: stdout all=warning uptime,level,tags foldmultilines=false
 #1: stderr all=off uptime,level,tags foldmultilines=false

Environment Variables:
PATH=C:\Program Files\Common Files\Oracle\Java\javapath;C:\Windows\system32;C:\Windows;C:\Windows\System32\Wbem;C:\Windows\System32\WindowsPowerShell\v1.0\;C:\Windows\System32\OpenSSH\;C:\Program Files (x86)\Common Files\Pulse Secure\VC142.CRT\X64\;C:\Program Files (x86)\Common Files\Pulse Secure\VC142.CRT\X86\;C:\Program Files (x86)\Pulse Secure\VC142.CRT\X64\;C:\Program Files (x86)\Pulse Secure\VC142.CRT\X86\;C:\Program Files (x86)\Common Files\Pulse Secure\TNC Client Plugin\;C:\Users\a849923\AppData\Local\Microsoft\WindowsApps;
USERNAME=a849923
OS=Windows_NT
PROCESSOR_IDENTIFIER=Intel64 Family 6 Model 126 Stepping 5, GenuineIntel
TMP=C:\Users\a849923\AppData\Local\Temp
TEMP=C:\Users\a849923\AppData\Local\Temp



---------------  S Y S T E M  ---------------

OS:
 Windows 10 , 64 bit Build 19041 (10.0.19041.3636)
OS uptime: 3 days 11:42 hours

CPU: total 8 (initial active 8) (4 cores per cpu, 2 threads per core) family 6 model 126 stepping 5 microcode 0xa0, cx8, cmov, fxsr, ht, mmx, 3dnowpref, sse, sse2, sse3, ssse3, sse4.1, sse4.2, popcnt, lzcnt, tsc, tscinvbit, avx, avx2, aes, erms, clmul, bmi1, bmi2, adx, avx512f, avx512dq, avx512cd, avx512bw, avx512vl, sha, fma, vzeroupper, avx512_vpopcntdq, avx512_vpclmulqdq, avx512_vaes, avx512_vnni, clflush, clflushopt, avx512_vbmi2, avx512_vbmi, rdtscp, rdpid, fsrm, gfni, avx512_bitalg

Memory: 4k page, system-wide physical 7973M (117M free)
TotalPageFile size 32549M (AvailPageFile size 73M)
current process WorkingSet (physical memory assigned to process): 12M, peak: 12M
current process commit charge ("private bytes"): 61M, peak: 187M

vm_info: Java HotSpot(TM) 64-Bit Server VM (19.0.1+10-21) for windows-amd64 JRE (19.0.1+10-21), built on 2022-09-14T12:45:06Z by "mach5one" with MS VC++ 17.1 (VS2022)

END.
